<?xml version="1.0" encoding="UTF-8"?>
<testng-results ignored="0" total="1" passed="1" failed="0" skipped="0">
  <reporter-output>
  </reporter-output>
  <suite started-at="2022-03-22T23:36:42 GMT" name="Smoke Test Suite" finished-at="2022-03-22T23:36:48 GMT" duration-ms="5675">
    <groups>
    </groups>
    <test started-at="2022-03-22T23:36:42 GMT" name="Smoke Test" finished-at="2022-03-22T23:36:48 GMT" duration-ms="5675">
      <class name="tests.SmokeTests">
        <test-method is-config="true" signature="setup(org.testng.ITestContext)[pri:0, instance:tests.SmokeTests@5b03b9fe]" started-at="2022-03-22T23:36:42 GMT" name="setup" finished-at="2022-03-22T23:36:46 GMT" duration-ms="3835" status="PASS">
          <params>
            <param index="0">
              <value>
                <![CDATA[org.testng.TestRunner@71d8cfe7]]>
              </value>
            </param>
          </params>
          <reporter-output>
          </reporter-output>
        </test-method> <!-- setup -->
        <test-method signature="Login(java.lang.String,java.lang.String)[pri:0, instance:tests.SmokeTests@5b03b9fe]" started-at="2022-03-22T23:36:46 GMT" name="Login" finished-at="2022-03-22T23:36:48 GMT" duration-ms="1621" status="PASS">
          <params>
            <param index="0">
              <value>
                <![CDATA[menna+testproject@intellisense.io]]>
              </value>
            </param>
            <param index="1">
              <value>
                <![CDATA[AutMaNewTest1#]]>
              </value>
            </param>
          </params>
          <reporter-output>
          </reporter-output>
        </test-method> <!-- Login -->
        <test-method is-config="true" signature="tearDown()[pri:0, instance:tests.SmokeTests@5b03b9fe]" started-at="2022-03-22T23:36:48 GMT" name="tearDown" finished-at="2022-03-22T23:36:48 GMT" duration-ms="144" status="PASS">
          <reporter-output>
          </reporter-output>
        </test-method> <!-- tearDown -->
      </class> <!-- tests.SmokeTests -->
    </test> <!-- Smoke Test -->
  </suite> <!-- Smoke Test Suite -->
</testng-results>
